[debug] [2025-11-08T10:46:22.608Z] ----------------------------------------------------------------------
[debug] [2025-11-08T10:46:22.617Z] Command:       C:\Program Files\nodejs\node.exe C:\Users\LEBO\AppData\Roaming\npm\node_modules\firebase-tools\lib\bin\firebase.js init
[debug] [2025-11-08T10:46:22.619Z] CLI Version:   14.24.1
[debug] [2025-11-08T10:46:22.619Z] Platform:      win32
[debug] [2025-11-08T10:46:22.619Z] Node Version:  v22.18.0
[debug] [2025-11-08T10:46:22.620Z] Time:          Sat Nov 08 2025 12:46:22 GMT+0200 (South Africa Standard Time)
[debug] [2025-11-08T10:46:22.621Z] ----------------------------------------------------------------------
[debug] 
[debug] [2025-11-08T10:46:22.629Z] >>> [apiv2][query] GET https://firebase-public.firebaseio.com/cli.json [none]
[info] 
     ######## #### ########  ######## ########     ###     ######  ########
     ##        ##  ##     ## ##       ##     ##  ##   ##  ##       ##
     ######    ##  ########  ######   ########  #########  ######  ######
     ##        ##  ##    ##  ##       ##     ## ##     ##       ## ##
     ##       #### ##     ## ######## ########  ##     ##  ######  ########

You're about to initialize a Firebase project in this directory:

  C:\Users\LEBO\career-guidance-platform\frontend

[debug] [2025-11-08T10:46:23.749Z] <<< [apiv2][status] GET https://firebase-public.firebaseio.com/cli.json 200
[debug] [2025-11-08T10:46:23.749Z] <<< [apiv2][body] GET https://firebase-public.firebaseio.com/cli.json {"cloudBuildErrorAfter":1594252800000,"cloudBuildWarnAfter":1590019200000,"defaultNode10After":1594252800000,"minVersion":"3.0.5","node8DeploysDisabledAfter":1613390400000,"node8RuntimeDisabledAfter":1615809600000,"node8WarnAfter":1600128000000}
[info] 
=== Project Setup
[info] 
[info] First, let's associate this project directory with a Firebase project.
[info] You can create multiple project aliases by running firebase use --add, 
[info] 
[debug] [2025-11-08T10:50:40.644Z] > command requires scopes: ["email","openid","https://www.googleapis.com/auth/cloudplatformprojects.readonly","https://www.googleapis.com/auth/firebase","https://www.googleapis.com/auth/cloud-platform"]
[debug] [2025-11-08T10:50:40.645Z] > authorizing via signed-in user (sechachelebohang0@gmail.com)
[debug] [2025-11-08T10:50:40.647Z] Checked if tokens are valid: false, expires at: 1761695211953
[debug] [2025-11-08T10:50:40.648Z] Checked if tokens are valid: false, expires at: 1761695211953
[debug] [2025-11-08T10:50:40.648Z] > refreshing access token with scopes: []
[debug] [2025-11-08T10:50:40.651Z] >>> [apiv2][query] POST https://www.googleapis.com/oauth2/v3/token [none]
[debug] [2025-11-08T10:50:40.651Z] >>> [apiv2][body] POST https://www.googleapis.com/oauth2/v3/token [omitted]
[debug] [2025-11-08T10:50:41.263Z] <<< [apiv2][status] POST https://www.googleapis.com/oauth2/v3/token 200
[debug] [2025-11-08T10:50:41.264Z] <<< [apiv2][body] POST https://www.googleapis.com/oauth2/v3/token [omitted]
[debug] [2025-11-08T10:50:41.362Z] >>> [apiv2][query] GET https://firebase.googleapis.com/v1beta1/projects pageSize=100
[debug] [2025-11-08T10:50:42.286Z] <<< [apiv2][status] GET https://firebase.googleapis.com/v1beta1/projects 200
[debug] [2025-11-08T10:50:42.286Z] <<< [apiv2][body] GET https://firebase.googleapis.com/v1beta1/projects [omitted]
[info] 
=== Hosting Setup
[debug] [2025-11-08T10:51:44.922Z] Checked if tokens are valid: true, expires at: 1762602640264
[debug] [2025-11-08T10:51:44.922Z] Checked if tokens are valid: true, expires at: 1762602640264
[debug] [2025-11-08T10:51:44.923Z] >>> [apiv2][query] GET https://firebase.googleapis.com/v1beta1/projects/career-guidance-platform-5fee8 [none]
[debug] [2025-11-08T10:51:45.656Z] <<< [apiv2][status] GET https://firebase.googleapis.com/v1beta1/projects/career-guidance-platform-5fee8 200
[debug] [2025-11-08T10:51:45.657Z] <<< [apiv2][body] GET https://firebase.googleapis.com/v1beta1/projects/career-guidance-platform-5fee8 {"projectId":"career-guidance-platform-5fee8","projectNumber":"57761223631","displayName":"career-guidance-platform","name":"projects/career-guidance-platform-5fee8","resources":{"hostingSite":"career-guidance-platform-5fee8"},"state":"ACTIVE","etag":"1_83f4c227-b325-487e-8c7f-c8be43084758"}
[info] 
[info] Your public directory is the folder (relative to your project directory) that
[info] will contain Hosting assets to be uploaded with firebase deploy. If you
[info] have a build process for your assets, use your build's output directory.
[info] 
[info] 
[info] i  Detected a .git folder at C:\Users\LEBO 
[info] i  Authorizing with GitHub to upload your service account to a GitHub repository's secrets store. 
[info] 
[info] Visit this URL on this device to log in:
[info] https://github.com/login/oauth/authorize?client_id=89cf50f02ac6aaed3484&state=859237671&redirect_uri=http%3A%2F%2Flocalhost%3A9005&scope=read%3Auser%20repo%20public_repo
[info] 
[info] Waiting for authentication...
[debug] [2025-11-08T10:55:38.169Z] >>> [apiv2][query] POST https://github.com/login/oauth/access_token [none]
[debug] [2025-11-08T10:55:38.170Z] >>> [apiv2][body] POST https://github.com/login/oauth/access_token [stream]
[debug] [2025-11-08T10:55:38.743Z] <<< [apiv2][status] POST https://github.com/login/oauth/access_token 200
[debug] [2025-11-08T10:55:38.744Z] <<< [apiv2][body] POST https://github.com/login/oauth/access_token {"access_token":"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","token_type":"bearer","scope":"read:user,repo"}
[debug] [2025-11-08T10:55:38.771Z] >>> [apiv2][query] GET https://api.github.com/user [none]
[debug] [2025-11-08T10:55:39.383Z] <<< [apiv2][status] GET https://api.github.com/user 200
[debug] [2025-11-08T10:55:39.384Z] <<< [apiv2][body] GET https://api.github.com/user {"login":"sechachelebohang0-a11y","id":231910922,"node_id":"U_kgDODdKuCg","avatar_url":"https://avatars.githubusercontent.com/u/231910922?v=4","gravatar_id":"","url":"https://api.github.com/users/sechachelebohang0-a11y","html_url":"https://github.com/sechachelebohang0-a11y","followers_url":"https://api.github.com/users/sechachelebohang0-a11y/followers","following_url":"https://api.github.com/users/sechachelebohang0-a11y/following{/other_user}","gists_url":"https://api.github.com/users/sechachelebohang0-a11y/gists{/gist_id}","starred_url":"https://api.github.com/users/sechachelebohang0-a11y/starred{/owner}{/repo}","subscriptions_url":"https://api.github.com/users/sechachelebohang0-a11y/subscriptions","organizations_url":"https://api.github.com/users/sechachelebohang0-a11y/orgs","repos_url":"https://api.github.com/users/sechachelebohang0-a11y/repos","events_url":"https://api.github.com/users/sechachelebohang0-a11y/events{/privacy}","received_events_url":"https://api.github.com/users/sechachelebohang0-a11y/received_events","type":"User","user_view_type":"private","site_admin":false,"name":null,"company":null,"blog":"","location":null,"email":null,"hireable":null,"bio":null,"twitter_username":null,"notification_email":null,"public_repos":3,"public_gists":0,"followers":0,"following":0,"created_at":"2025-09-12T13:58:53Z","updated_at":"2025-10-30T11:18:34Z","private_gists":0,"total_private_repos":0,"owned_private_repos":0,"disk_usage":151303,"collaborators":0,"two_factor_authentication":false,"plan":{"name":"free","space":976562499,"collaborators":0,"private_repos":10000}}
[info] 
[info] +  Success! Logged into GitHub as sechachelebohang0-a11y 
[info] 
[debug] [2025-11-08T10:55:39.490Z] >>> [apiv2][query] GET https://api.github.com/repos//actions/secrets/public-key type=owner
[debug] [2025-11-08T10:55:39.798Z] <<< [apiv2][status] GET https://api.github.com/repos//actions/secrets/public-key 404
[debug] [2025-11-08T10:55:39.799Z] <<< [apiv2][body] GET https://api.github.com/repos//actions/secrets/public-key {"message":"Not Found","documentation_url":"https://docs.github.com/rest","status":"404"}
[info] 
[info] 
[error] !  The provided authorization cannot be used with this repository. If this repository is in an organization, did you remember to grant access? 
[info] 
[info] i  Action required: Visit this URL to ensure access has been granted to the appropriate organization(s) for the Firebase CLI GitHub OAuth App: 
[info] https://github.com/settings/connections/applications/89cf50f02ac6aaed3484
[info] 
